[STDOUT] Launching headless Chrome browser...
[STDOUT] Creating new browser context...
[STDOUT] Creating new page...
[STDOUT] Processing page 1...
[STDOUT] Navigating to main page: https://sinastyle.ir/products...
[STDOUT] Main page navigation completed.
[STDOUT] Scroll 1 completed.
[STDOUT] Scroll 2 completed.
[STDOUT] Scroll 3 completed.
[STDOUT] Scroll 4 completed.
[STDOUT] Scroll 5 completed.
[STDOUT] Scroll 6 completed.
[STDOUT] Scroll 7 completed.
[STDOUT] Scroll 8 completed.
[STDOUT] Scroll 9 completed.
[STDOUT] Scroll 10 completed.
[STDOUT] Waiting for product links to appear (max 30s)...
[STDOUT] Added new link: /product/1665489/%D8%AA%DB%8C%D8%B4%D8%B1%D8%AA-%D9%85%DA%86%DB%8C%D9%86%D8%B3%D8%AA
[STDOUT] Added new link: /product/1665485/%D8%B4%D9%84%D9%88%D8%A7%D8%B1-%D9%85%D8%A7%D9%85%E2%80%8C.
[STDOUT] Added new link: /product/1665481/%D8%B4%D9%84%D9%88%D8%A7%D8%B1-%D9%85%D8%A7%D9%85-%D9%81%DB%8C%D8%AA
[STDOUT] Added new link: /product/1665475/%D8%B4%D9%84%D9%88%D8%A7%D8%B1-%D9%85%D8%A7%D9%85
[STDOUT] Added new link: /product/1665467/%D8%B4%D9%84%D9%88%D8%A7%D8%B1-%D8%A8%DA%AF
[STDOUT] Added new link: /product/1663626/%D8%AA%DB%8C%D8%B4%D8%B1%D8%AAEAGLE
[STDOUT] Added new link: /product/1663611/%D8%AA%DB%8C%D8%B4%D8%B1%D8%AA-LEIFFA
[STDOUT] Added new link: /product/1663600/%D8%AA%DB%8C%D8%B4%D8%B1%D8%AA-%D8%B7%D8%B1%D8%AD-%D8%AF%D8%A7%D8%B1.
[STDOUT] Added new link: /product/1663586/%D8%AA%DB%8C%D8%B4%D8%B1%D8%AA-%D8%B7%D8%B1%D8%AD-%D8%AF%D8%A7%D8%B1
[STDOUT] Added new link: /product/1663570/%D8%AA%DB%8C%D8%B4%D8%B1%D8%AA-staff
[STDOUT] Added new link: /product/1663545/%D8%AA%DB%8C%D8%B4%D8%B1%D8%AA-MAUI
[STDOUT] Added new link: /product/1663532/%D8%AA%DB%8C%D8%B4%D8%B1%D8%AA-GYRO
[STDOUT] Extracted 12 new product links from page 1.
[STDOUT] Checking for "Next Page" button...
[STDOUT] No "Next Page" button found or not visible. Stopping pagination.
[STDOUT] Total unique links extracted: 12
[STDOUT] Processing link 1: https://sinastyle.ir/product/1665489/%D8%AA%DB%8C%D8%B4%D8%B1%D8%AA-%D9%85%DA%86%DB%8C%D9%86%D8%B3%D8%AA
[STDOUT] Navigating to https://sinastyle.ir/product/1665489/%D8%AA%DB%8C%D8%B4%D8%B1%D8%AA-%D9%85%DA%86%DB%8C%D9%86%D8%B3%D8%AA...
[STDOUT] Product page navigation completed.
[STDOUT] Waiting for title selector...
[STDOUT] Extracted title: تیشرت مچینست
[STDOUT] Waiting for price selector...
[STDOUT] Extracted price: 530,000
[STDOUT] Waiting for availability selector...
[STDOUT] Raw availability text: افزودن به سبد خرید
[STDOUT] Product is available based on positive keyword: افزودن به سبد خرید
[STDOUT] Final availability value: 1
[STDOUT] Waiting for image selector...
[STDOUT] Extracted image: https://digifycdn.com/media/item_images/IMG_1141_2tczzZj.jpeg?x-img=v1/optimize,q_95/resize,w_500,force_true
[STDOUT] Waiting for category selector...
[STDOUT] Extracted category: محصولات
[STDOUT] No guarantee selector provided. Skipping guarantee extraction.
[STDOUT] Extracting product_id...
[STDOUT] Using URL method for product_id extraction...
[STDOUT] Extracted product_id from URL: 1665489
[STDOUT] Processed product 1: https://sinastyle.ir/product/1665489/%D8%AA%DB%8C%D8%B4%D8%B1%D8%AA-%D9%85%DA%86%DB%8C%D9%86%D8%B3%D8%AA
[STDOUT] Processing link 2: https://sinastyle.ir/product/1665485/%D8%B4%D9%84%D9%88%D8%A7%D8%B1-%D9%85%D8%A7%D9%85%E2%80%8C.
[STDOUT] Navigating to https://sinastyle.ir/product/1665485/%D8%B4%D9%84%D9%88%D8%A7%D8%B1-%D9%85%D8%A7%D9%85%E2%80%8C....
[STDOUT] Product page navigation completed.
[STDOUT] Waiting for title selector...
[STDOUT] Extracted title: شلوار مام‌.
[STDOUT] Waiting for price selector...
[STDOUT] Extracted price: 898,000
[STDOUT] Waiting for availability selector...
[STDOUT] Raw availability text: افزودن به سبد خرید
[STDOUT] Product is available based on positive keyword: افزودن به سبد خرید
[STDOUT] Final availability value: 1
[STDOUT] Waiting for image selector...
[STDOUT] Extracted image: https://digifycdn.com/media/item_images/IMG_1179_4k0GZiq.jpeg?x-img=v1/optimize,q_95/resize,w_500,force_true
[STDOUT] Waiting for category selector...
[STDOUT] Extracted category: شلوار
[STDOUT] No guarantee selector provided. Skipping guarantee extraction.
[STDOUT] Extracting product_id...
[STDOUT] Using URL method for product_id extraction...
[STDOUT] Extracted product_id from URL: 1665485
[STDOUT] Processed product 2: https://sinastyle.ir/product/1665485/%D8%B4%D9%84%D9%88%D8%A7%D8%B1-%D9%85%D8%A7%D9%85%E2%80%8C.
[STDOUT] Processing link 3: https://sinastyle.ir/product/1665481/%D8%B4%D9%84%D9%88%D8%A7%D8%B1-%D9%85%D8%A7%D9%85-%D9%81%DB%8C%D8%AA
[STDOUT] Navigating to https://sinastyle.ir/product/1665481/%D8%B4%D9%84%D9%88%D8%A7%D8%B1-%D9%85%D8%A7%D9%85-%D9%81%DB%8C%D8%AA...
[STDOUT] Product page navigation completed.
[STDOUT] Waiting for title selector...
[STDOUT] Extracted title: شلوار مام فیت
[STDOUT] Waiting for price selector...
[STDOUT] Extracted price: 898,000
[STDOUT] Waiting for availability selector...
[STDOUT] Raw availability text: افزودن به سبد خرید
[STDOUT] Product is available based on positive keyword: افزودن به سبد خرید
[STDOUT] Final availability value: 1
[STDOUT] Waiting for image selector...
[STDOUT] Extracted image: https://digifycdn.com/media/item_images/IMG_1181_AIEiP2K.jpeg?x-img=v1/optimize,q_95/resize,w_500,force_true
[STDOUT] Waiting for category selector...
[STDOUT] Extracted category: شلوار
[STDOUT] No guarantee selector provided. Skipping guarantee extraction.
[STDOUT] Extracting product_id...
[STDOUT] Using URL method for product_id extraction...
[STDOUT] Extracted product_id from URL: 1665481
[STDOUT] Processed product 3: https://sinastyle.ir/product/1665481/%D8%B4%D9%84%D9%88%D8%A7%D8%B1-%D9%85%D8%A7%D9%85-%D9%81%DB%8C%D8%AA
[STDOUT] Processing link 4: https://sinastyle.ir/product/1665475/%D8%B4%D9%84%D9%88%D8%A7%D8%B1-%D9%85%D8%A7%D9%85
[STDOUT] Navigating to https://sinastyle.ir/product/1665475/%D8%B4%D9%84%D9%88%D8%A7%D8%B1-%D9%85%D8%A7%D9%85...
[STDOUT] Product page navigation completed.
[STDOUT] Waiting for title selector...
[STDOUT] Extracted title: شلوار مام
[STDOUT] Waiting for price selector...
[STDOUT] Extracted price: 980,000
[STDOUT] Waiting for availability selector...
[STDOUT] Raw availability text: افزودن به سبد خرید
[STDOUT] Product is available based on positive keyword: افزودن به سبد خرید
[STDOUT] Final availability value: 1
[STDOUT] Waiting for image selector...
[STDOUT] Extracted image: https://digifycdn.com/media/item_images/IMG_1182_9XioEob.jpeg?x-img=v1/optimize,q_95/resize,w_500,force_true
[STDOUT] Waiting for category selector...
[STDOUT] Extracted category: شلوار
[STDOUT] No guarantee selector provided. Skipping guarantee extraction.
[STDOUT] Extracting product_id...
[STDOUT] Using URL method for product_id extraction...
[STDOUT] Extracted product_id from URL: 1665475
[STDOUT] Processed product 4: https://sinastyle.ir/product/1665475/%D8%B4%D9%84%D9%88%D8%A7%D8%B1-%D9%85%D8%A7%D9%85
[STDOUT] Processing link 5: https://sinastyle.ir/product/1665467/%D8%B4%D9%84%D9%88%D8%A7%D8%B1-%D8%A8%DA%AF
[STDOUT] Navigating to https://sinastyle.ir/product/1665467/%D8%B4%D9%84%D9%88%D8%A7%D8%B1-%D8%A8%DA%AF...
[STDOUT] Product page navigation completed.
[STDOUT] Waiting for title selector...
[STDOUT] Extracted title: شلوار بگ
[STDOUT] Waiting for price selector...
[STDOUT] Extracted price: 1,299,000
[STDOUT] Waiting for availability selector...
[STDOUT] Raw availability text: افزودن به سبد خرید
[STDOUT] Product is available based on positive keyword: افزودن به سبد خرید
[STDOUT] Final availability value: 1
[STDOUT] Waiting for image selector...
[STDOUT] Extracted image: https://digifycdn.com/media/item_images/IMG_1178_mUrE0TC.jpeg?x-img=v1/optimize,q_95/resize,w_500,force_true
[STDOUT] Waiting for category selector...
[STDOUT] Extracted category: شلوار
[STDOUT] No guarantee selector provided. Skipping guarantee extraction.
[STDOUT] Extracting product_id...
[STDOUT] Using URL method for product_id extraction...
[STDOUT] Extracted product_id from URL: 1665467
[STDOUT] Processed product 5: https://sinastyle.ir/product/1665467/%D8%B4%D9%84%D9%88%D8%A7%D8%B1-%D8%A8%DA%AF
[STDOUT] Processing link 6: https://sinastyle.ir/product/1663626/%D8%AA%DB%8C%D8%B4%D8%B1%D8%AAEAGLE
[STDOUT] Navigating to https://sinastyle.ir/product/1663626/%D8%AA%DB%8C%D8%B4%D8%B1%D8%AAEAGLE...
[STDOUT] Product page navigation completed.
[STDOUT] Waiting for title selector...
[STDOUT] Extracted title: تیشرتEAGLE
[STDOUT] Waiting for price selector...
[STDOUT] Extracted price: 525,000
[STDOUT] Waiting for availability selector...
[STDOUT] Raw availability text: افزودن به سبد خرید
[STDOUT] Product is available based on positive keyword: افزودن به سبد خرید
[STDOUT] Final availability value: 1
[STDOUT] Waiting for image selector...
[STDOUT] Extracted image: https://digifycdn.com/media/item_images/image_wDUe3dA.jpg?x-img=v1/optimize,q_95/resize,w_500,force_true
[STDOUT] Waiting for category selector...
[STDOUT] Extracted category: تیشرت
[STDOUT] No guarantee selector provided. Skipping guarantee extraction.
[STDOUT] Extracting product_id...
[STDOUT] Using URL method for product_id extraction...
[STDOUT] Extracted product_id from URL: 1663626
[STDOUT] Processed product 6: https://sinastyle.ir/product/1663626/%D8%AA%DB%8C%D8%B4%D8%B1%D8%AAEAGLE
[STDOUT] Processing link 7: https://sinastyle.ir/product/1663611/%D8%AA%DB%8C%D8%B4%D8%B1%D8%AA-LEIFFA
[STDOUT] Navigating to https://sinastyle.ir/product/1663611/%D8%AA%DB%8C%D8%B4%D8%B1%D8%AA-LEIFFA...
[STDOUT] Product page navigation completed.
[STDOUT] Waiting for title selector...
[STDOUT] Extracted title: تیشرت LEIFFA
[STDOUT] Waiting for price selector...
[STDOUT] Extracted price: 525,000
[STDOUT] Waiting for availability selector...
[STDOUT] Raw availability text: افزودن به سبد خرید
[STDOUT] Product is available based on positive keyword: افزودن به سبد خرید
[STDOUT] Final availability value: 1
[STDOUT] Waiting for image selector...
[STDOUT] Extracted image: https://digifycdn.com/media/item_images/image_hBUleqe.jpg?x-img=v1/optimize,q_95/resize,w_500,force_true
[STDOUT] Waiting for category selector...
[STDOUT] Extracted category: تیشرت
[STDOUT] No guarantee selector provided. Skipping guarantee extraction.
[STDOUT] Extracting product_id...
[STDOUT] Using URL method for product_id extraction...
[STDOUT] Extracted product_id from URL: 1663611
[STDOUT] Processed product 7: https://sinastyle.ir/product/1663611/%D8%AA%DB%8C%D8%B4%D8%B1%D8%AA-LEIFFA
[STDOUT] Processing link 8: https://sinastyle.ir/product/1663600/%D8%AA%DB%8C%D8%B4%D8%B1%D8%AA-%D8%B7%D8%B1%D8%AD-%D8%AF%D8%A7%D8%B1.
[STDOUT] Navigating to https://sinastyle.ir/product/1663600/%D8%AA%DB%8C%D8%B4%D8%B1%D8%AA-%D8%B7%D8%B1%D8%AD-%D8%AF%D8%A7%D8%B1....
[STDOUT] Product page navigation completed.
[STDOUT] Waiting for title selector...
[STDOUT] Extracted title: تیشرت طرح دار.
[STDOUT] Waiting for price selector...
[STDOUT] Extracted price: 535,000
[STDOUT] Waiting for availability selector...
[STDOUT] Raw availability text: افزودن به سبد خرید
[STDOUT] Product is available based on positive keyword: افزودن به سبد خرید
[STDOUT] Final availability value: 1
[STDOUT] Waiting for image selector...
[STDOUT] Extracted image: https://digifycdn.com/media/item_images/image_0pPgpyj.jpg?x-img=v1/optimize,q_95/resize,w_500,force_true
[STDOUT] Waiting for category selector...
[STDOUT] Extracted category: تیشرت
[STDOUT] No guarantee selector provided. Skipping guarantee extraction.
[STDOUT] Extracting product_id...
[STDOUT] Using URL method for product_id extraction...
[STDOUT] Extracted product_id from URL: 1663600
[STDOUT] Processed product 8: https://sinastyle.ir/product/1663600/%D8%AA%DB%8C%D8%B4%D8%B1%D8%AA-%D8%B7%D8%B1%D8%AD-%D8%AF%D8%A7%D8%B1.
[STDOUT] Processing link 9: https://sinastyle.ir/product/1663586/%D8%AA%DB%8C%D8%B4%D8%B1%D8%AA-%D8%B7%D8%B1%D8%AD-%D8%AF%D8%A7%D8%B1
[STDOUT] Navigating to https://sinastyle.ir/product/1663586/%D8%AA%DB%8C%D8%B4%D8%B1%D8%AA-%D8%B7%D8%B1%D8%AD-%D8%AF%D8%A7%D8%B1...
[STDOUT] Product page navigation completed.
[STDOUT] Waiting for title selector...
[STDOUT] Extracted title: تیشرت طرح دار
[STDOUT] Waiting for price selector...
[STDOUT] Extracted price: 525,000
[STDOUT] Waiting for availability selector...
[STDOUT] Raw availability text: افزودن به سبد خرید
[STDOUT] Product is available based on positive keyword: افزودن به سبد خرید
[STDOUT] Final availability value: 1
[STDOUT] Waiting for image selector...
[STDOUT] Extracted image: https://digifycdn.com/media/item_images/image_zUOI8Fw.jpg?x-img=v1/optimize,q_95/resize,w_500,force_true
[STDOUT] Waiting for category selector...
[STDOUT] Extracted category: تیشرت
[STDOUT] No guarantee selector provided. Skipping guarantee extraction.
[STDOUT] Extracting product_id...
[STDOUT] Using URL method for product_id extraction...
[STDOUT] Extracted product_id from URL: 1663586
[STDOUT] Processed product 9: https://sinastyle.ir/product/1663586/%D8%AA%DB%8C%D8%B4%D8%B1%D8%AA-%D8%B7%D8%B1%D8%AD-%D8%AF%D8%A7%D8%B1
[STDOUT] Processing link 10: https://sinastyle.ir/product/1663570/%D8%AA%DB%8C%D8%B4%D8%B1%D8%AA-staff
[STDOUT] Navigating to https://sinastyle.ir/product/1663570/%D8%AA%DB%8C%D8%B4%D8%B1%D8%AA-staff...
[STDOUT] Product page navigation completed.
[STDOUT] Waiting for title selector...
[STDOUT] Extracted title: تیشرت staff
[STDOUT] Waiting for price selector...
[STDOUT] Extracted price: 565,000
[STDOUT] Waiting for availability selector...
[STDOUT] Raw availability text: افزودن به سبد خرید
[STDOUT] Product is available based on positive keyword: افزودن به سبد خرید
[STDOUT] Final availability value: 1
[STDOUT] Waiting for image selector...
[STDOUT] Extracted image: https://digifycdn.com/media/item_images/image_okMtM7g.jpg?x-img=v1/optimize,q_95/resize,w_500,force_true
[STDOUT] Waiting for category selector...
[STDOUT] Extracted category: تیشرت
[STDOUT] No guarantee selector provided. Skipping guarantee extraction.
[STDOUT] Extracting product_id...
[STDOUT] Using URL method for product_id extraction...
[STDOUT] Extracted product_id from URL: 1663570
[STDOUT] Processed product 10: https://sinastyle.ir/product/1663570/%D8%AA%DB%8C%D8%B4%D8%B1%D8%AA-staff
[STDOUT] Processing link 11: https://sinastyle.ir/product/1663545/%D8%AA%DB%8C%D8%B4%D8%B1%D8%AA-MAUI
[STDOUT] Navigating to https://sinastyle.ir/product/1663545/%D8%AA%DB%8C%D8%B4%D8%B1%D8%AA-MAUI...
[STDOUT] Product page navigation completed.
[STDOUT] Waiting for title selector...
[STDOUT] Extracted title: تیشرت MAUI
[STDOUT] Waiting for price selector...
[STDOUT] Extracted price: 625,000
[STDOUT] Waiting for availability selector...
[STDOUT] Raw availability text: افزودن به سبد خرید
[STDOUT] Product is available based on positive keyword: افزودن به سبد خرید
[STDOUT] Final availability value: 1
[STDOUT] Waiting for image selector...
[STDOUT] Extracted image: https://digifycdn.com/media/item_images/image_SuSSk6P.jpg?x-img=v1/optimize,q_95/resize,w_500,force_true
[STDOUT] Waiting for category selector...
[STDOUT] Extracted category: تیشرت
[STDOUT] No guarantee selector provided. Skipping guarantee extraction.
[STDOUT] Extracting product_id...
[STDOUT] Using URL method for product_id extraction...
[STDOUT] Extracted product_id from URL: 1663545
[STDOUT] Processed product 11: https://sinastyle.ir/product/1663545/%D8%AA%DB%8C%D8%B4%D8%B1%D8%AA-MAUI
[STDOUT] Processing link 12: https://sinastyle.ir/product/1663532/%D8%AA%DB%8C%D8%B4%D8%B1%D8%AA-GYRO
[STDOUT] Navigating to https://sinastyle.ir/product/1663532/%D8%AA%DB%8C%D8%B4%D8%B1%D8%AA-GYRO...
[STDOUT] Product page navigation completed.
[STDOUT] Waiting for title selector...
[STDOUT] Extracted title: تیشرت GYRO
[STDOUT] Waiting for price selector...
[STDOUT] Extracted price: 585,000
[STDOUT] Waiting for availability selector...
[STDOUT] Raw availability text: افزودن به سبد خرید
[STDOUT] Product is available based on positive keyword: افزودن به سبد خرید
[STDOUT] Final availability value: 1
[STDOUT] Waiting for image selector...
[STDOUT] Extracted image: https://digifycdn.com/media/item_images/image_0RCHPtY.jpg?x-img=v1/optimize,q_95/resize,w_500,force_true
[STDOUT] Waiting for category selector...
[STDOUT] Extracted category: تیشرت
[STDOUT] No guarantee selector provided. Skipping guarantee extraction.
[STDOUT] Extracting product_id...
[STDOUT] Using URL method for product_id extraction...
[STDOUT] Extracted product_id from URL: 1663532
[STDOUT] Processed product 12: https://sinastyle.ir/product/1663532/%D8%AA%DB%8C%D8%B4%D8%B1%D8%AA-GYRO
[STDOUT] Final result: {"links":["/product/1665489/%D8%AA%DB%8C%D8%B4%D8%B1%D8%AA-%D9%85%DA%86%DB%8C%D9%86%D8%B3%D8%AA","/product/1665485/%D8%B4%D9%84%D9%88%D8%A7%D8%B1-%D9%85%D8%A7%D9%85%E2%80%8C.","/product/1665481/%D8%B4%D9%84%D9%88%D8%A7%D8%B1-%D9%85%D8%A7%D9%85-%D9%81%DB%8C%D8%AA","/product/1665475/%D8%B4%D9%84%D9%88%D8%A7%D8%B1-%D9%85%D8%A7%D9%85","/product/1665467/%D8%B4%D9%84%D9%88%D8%A7%D8%B1-%D8%A8%DA%AF","/product/1663626/%D8%AA%DB%8C%D8%B4%D8%B1%D8%AAEAGLE","/product/1663611/%D8%AA%DB%8C%D8%B4%D8%B1%D8%AA-LEIFFA","/product/1663600/%D8%AA%DB%8C%D8%B4%D8%B1%D8%AA-%D8%B7%D8%B1%D8%AD-%D8%AF%D8%A7%D8%B1.","/product/1663586/%D8%AA%DB%8C%D8%B4%D8%B1%D8%AA-%D8%B7%D8%B1%D8%AD-%D8%AF%D8%A7%D8%B1","/product/1663570/%D8%AA%DB%8C%D8%B4%D8%B1%D8%AA-staff","/product/1663545/%D8%AA%DB%8C%D8%B4%D8%B1%D8%AA-MAUI","/product/1663532/%D8%AA%DB%8C%D8%B4%D8%B1%D8%AA-GYRO"],"products":[{"url":"https://sinastyle.ir/product/1665489/%D8%AA%DB%8C%D8%B4%D8%B1%D8%AA-%D9%85%DA%86%DB%8C%D9%86%D8%B3%D8%AA","title":"تیشرت مچینست","price":"530,000","availability":1,"image":"https://digifycdn.com/media/item_images/IMG_1141_2tczzZj.jpeg?x-img=v1/optimize,q_95/resize,w_500,force_true","category":"محصولات","guarantee":"","product_id":"1665489","error":""},{"url":"https://sinastyle.ir/product/1665485/%D8%B4%D9%84%D9%88%D8%A7%D8%B1-%D9%85%D8%A7%D9%85%E2%80%8C.","title":"شلوار مام‌.","price":"898,000","availability":1,"image":"https://digifycdn.com/media/item_images/IMG_1179_4k0GZiq.jpeg?x-img=v1/optimize,q_95/resize,w_500,force_true","category":"شلوار","guarantee":"","product_id":"1665485","error":""},{"url":"https://sinastyle.ir/product/1665481/%D8%B4%D9%84%D9%88%D8%A7%D8%B1-%D9%85%D8%A7%D9%85-%D9%81%DB%8C%D8%AA","title":"شلوار مام فیت","price":"898,000","availability":1,"image":"https://digifycdn.com/media/item_images/IMG_1181_AIEiP2K.jpeg?x-img=v1/optimize,q_95/resize,w_500,force_true","category":"شلوار","guarantee":"","product_id":"1665481","error":""},{"url":"https://sinastyle.ir/product/1665475/%D8%B4%D9%84%D9%88%D8%A7%D8%B1-%D9%85%D8%A7%D9%85","title":"شلوار مام","price":"980,000","availability":1,"image":"https://digifycdn.com/media/item_images/IMG_1182_9XioEob.jpeg?x-img=v1/optimize,q_95/resize,w_500,force_true","category":"شلوار","guarantee":"","product_id":"1665475","error":""},{"url":"https://sinastyle.ir/product/1665467/%D8%B4%D9%84%D9%88%D8%A7%D8%B1-%D8%A8%DA%AF","title":"شلوار بگ","price":"1,299,000","availability":1,"image":"https://digifycdn.com/media/item_images/IMG_1178_mUrE0TC.jpeg?x-img=v1/optimize,q_95/resize,w_500,force_true","category":"شلوار","guarantee":"","product_id":"1665467","error":""},{"url":"https://sinastyle.ir/product/1663626/%D8%AA%DB%8C%D8%B4%D8%B1%D8%AAEAGLE","title":"تیشرتEAGLE","price":"525,000","availability":1,"image":"https://digifycdn.com/media/item_images/image_wDUe3dA.jpg?x-img=v1/optimize,q_95/resize,w_500,force_true","category":"تیشرت","guarantee":"","product_id":"1663626","error":""},{"url":"https://sinastyle.ir/product/1663611/%D8%AA%DB%8C%D8%B4%D8%B1%D8%AA-LEIFFA","title":"تیشرت LEIFFA","price":"525,000","availability":1,"image":"https://digifycdn.com/media/item_images/image_hBUleqe.jpg?x-img=v1/optimize,q_95/resize,w_500,force_true","category":"تیشرت","guarantee":"","product_id":"1663611","error":""},{"url":"https://sinastyle.ir/product/1663600/%D8%AA%DB%8C%D8%B4%D8%B1%D8%AA-%D8%B7%D8%B1%D8%AD-%D8%AF%D8%A7%D8%B1.","title":"تیشرت طرح دار.","price":"535,000","availability":1,"image":"https://digifycdn.com/media/item_images/image_0pPgpyj.jpg?x-img=v1/optimize,q_95/resize,w_500,force_true","category":"تیشرت","guarantee":"","product_id":"1663600","error":""},{"url":"https://sinastyle.ir/product/1663586/%D8%AA%DB%8C%D8%B4%D8%B1%D8%AA-%D8%B7%D8%B1%D8%AD-%D8%AF%D8%A7%D8%B1","title":"تیشرت طرح دار","price":"525,000","availability":1,"image":"https://digifycdn.com/media/item_images/image_zUOI8Fw.jpg?x-img=v1/optimize,q_95/resize,w_500,force_true","category":"تیشرت","guarantee":"","product_id":"1663586","error":""},{"url":"https://sinastyle.ir/product/1663570/%D8%AA%DB%8C%D8%B4%D8%B1%D8%AA-staff","title":"تیشرت staff","price":"565,000","availability":1,"image":"https://digifycdn.com/media/item_images/image_okMtM7g.jpg?x-img=v1/optimize,q_95/resize,w_500,force_true","category":"تیشرت","guarantee":"","product_id":"1663570","error":""},{"url":"https://sinastyle.ir/product/1663545/%D8%AA%DB%8C%D8%B4%D8%B1%D8%AA-MAUI","title":"تیشرت MAUI","price":"625,000","availability":1,"image":"https://digifycdn.com/media/item_images/image_SuSSk6P.jpg?x-img=v1/optimize,q_95/resize,w_500,force_true","category":"تیشرت","guarantee":"","product_id":"1663545","error":""},{"url":"https://sinastyle.ir/product/1663532/%D8%AA%DB%8C%D8%B4%D8%B1%D8%AA-GYRO","title":"تیشرت GYRO","price":"585,000","availability":1,"image":"https://digifycdn.com/media/item_images/image_0RCHPtY.jpg?x-img=v1/optimize,q_95/resize,w_500,force_true","category":"تیشرت","guarantee":"","product_id":"1663532","error":""}],"pages_processed":0,"console_logs":[]}
[STDOUT] Closing browser...
[STDOUT] Browser disconnected unexpectedly.
[STDOUT] Browser closed.
[STDOUT] Final result: {"links":["/product/1665489/%D8%AA%DB%8C%D8%B4%D8%B1%D8%AA-%D9%85%DA%86%DB%8C%D9%86%D8%B3%D8%AA","/product/1665485/%D8%B4%D9%84%D9%88%D8%A7%D8%B1-%D9%85%D8%A7%D9%85%E2%80%8C.","/product/1665481/%D8%B4%D9%84%D9%88%D8%A7%D8%B1-%D9%85%D8%A7%D9%85-%D9%81%DB%8C%D8%AA","/product/1665475/%D8%B4%D9%84%D9%88%D8%A7%D8%B1-%D9%85%D8%A7%D9%85","/product/1665467/%D8%B4%D9%84%D9%88%D8%A7%D8%B1-%D8%A8%DA%AF","/product/1663626/%D8%AA%DB%8C%D8%B4%D8%B1%D8%AAEAGLE","/product/1663611/%D8%AA%DB%8C%D8%B4%D8%B1%D8%AA-LEIFFA","/product/1663600/%D8%AA%DB%8C%D8%B4%D8%B1%D8%AA-%D8%B7%D8%B1%D8%AD-%D8%AF%D8%A7%D8%B1.","/product/1663586/%D8%AA%DB%8C%D8%B4%D8%B1%D8%AA-%D8%B7%D8%B1%D8%AD-%D8%AF%D8%A7%D8%B1","/product/1663570/%D8%AA%DB%8C%D8%B4%D8%B1%D8%AA-staff","/product/1663545/%D8%AA%DB%8C%D8%B4%D8%B1%D8%AA-MAUI","/product/1663532/%D8%AA%DB%8C%D8%B4%D8%B1%D8%AA-GYRO"],"products":[{"url":"https://sinastyle.ir/product/1665489/%D8%AA%DB%8C%D8%B4%D8%B1%D8%AA-%D9%85%DA%86%DB%8C%D9%86%D8%B3%D8%AA","title":"تیشرت مچینست","price":"530,000","availability":1,"image":"https://digifycdn.com/media/item_images/IMG_1141_2tczzZj.jpeg?x-img=v1/optimize,q_95/resize,w_500,force_true","category":"محصولات","guarantee":"","product_id":"1665489","error":""},{"url":"https://sinastyle.ir/product/1665485/%D8%B4%D9%84%D9%88%D8%A7%D8%B1-%D9%85%D8%A7%D9%85%E2%80%8C.","title":"شلوار مام‌.","price":"898,000","availability":1,"image":"https://digifycdn.com/media/item_images/IMG_1179_4k0GZiq.jpeg?x-img=v1/optimize,q_95/resize,w_500,force_true","category":"شلوار","guarantee":"","product_id":"1665485","error":""},{"url":"https://sinastyle.ir/product/1665481/%D8%B4%D9%84%D9%88%D8%A7%D8%B1-%D9%85%D8%A7%D9%85-%D9%81%DB%8C%D8%AA","title":"شلوار مام فیت","price":"898,000","availability":1,"image":"https://digifycdn.com/media/item_images/IMG_1181_AIEiP2K.jpeg?x-img=v1/optimize,q_95/resize,w_500,force_true","category":"شلوار","guarantee":"","product_id":"1665481","error":""},{"url":"https://sinastyle.ir/product/1665475/%D8%B4%D9%84%D9%88%D8%A7%D8%B1-%D9%85%D8%A7%D9%85","title":"شلوار مام","price":"980,000","availability":1,"image":"https://digifycdn.com/media/item_images/IMG_1182_9XioEob.jpeg?x-img=v1/optimize,q_95/resize,w_500,force_true","category":"شلوار","guarantee":"","product_id":"1665475","error":""},{"url":"https://sinastyle.ir/product/1665467/%D8%B4%D9%84%D9%88%D8%A7%D8%B1-%D8%A8%DA%AF","title":"شلوار بگ","price":"1,299,000","availability":1,"image":"https://digifycdn.com/media/item_images/IMG_1178_mUrE0TC.jpeg?x-img=v1/optimize,q_95/resize,w_500,force_true","category":"شلوار","guarantee":"","product_id":"1665467","error":""},{"url":"https://sinastyle.ir/product/1663626/%D8%AA%DB%8C%D8%B4%D8%B1%D8%AAEAGLE","title":"تیشرتEAGLE","price":"525,000","availability":1,"image":"https://digifycdn.com/media/item_images/image_wDUe3dA.jpg?x-img=v1/optimize,q_95/resize,w_500,force_true","category":"تیشرت","guarantee":"","product_id":"1663626","error":""},{"url":"https://sinastyle.ir/product/1663611/%D8%AA%DB%8C%D8%B4%D8%B1%D8%AA-LEIFFA","title":"تیشرت LEIFFA","price":"525,000","availability":1,"image":"https://digifycdn.com/media/item_images/image_hBUleqe.jpg?x-img=v1/optimize,q_95/resize,w_500,force_true","category":"تیشرت","guarantee":"","product_id":"1663611","error":""},{"url":"https://sinastyle.ir/product/1663600/%D8%AA%DB%8C%D8%B4%D8%B1%D8%AA-%D8%B7%D8%B1%D8%AD-%D8%AF%D8%A7%D8%B1.","title":"تیشرت طرح دار.","price":"535,000","availability":1,"image":"https://digifycdn.com/media/item_images/image_0pPgpyj.jpg?x-img=v1/optimize,q_95/resize,w_500,force_true","category":"تیشرت","guarantee":"","product_id":"1663600","error":""},{"url":"https://sinastyle.ir/product/1663586/%D8%AA%DB%8C%D8%B4%D8%B1%D8%AA-%D8%B7%D8%B1%D8%AD-%D8%AF%D8%A7%D8%B1","title":"تیشرت طرح دار","price":"525,000","availability":1,"image":"https://digifycdn.com/media/item_images/image_zUOI8Fw.jpg?x-img=v1/optimize,q_95/resize,w_500,force_true","category":"تیشرت","guarantee":"","product_id":"1663586","error":""},{"url":"https://sinastyle.ir/product/1663570/%D8%AA%DB%8C%D8%B4%D8%B1%D8%AA-staff","title":"تیشرت staff","price":"565,000","availability":1,"image":"https://digifycdn.com/media/item_images/image_okMtM7g.jpg?x-img=v1/optimize,q_95/resize,w_500,force_true","category":"تیشرت","guarantee":"","product_id":"1663570","error":""},{"url":"https://sinastyle.ir/product/1663545/%D8%AA%DB%8C%D8%B4%D8%B1%D8%AA-MAUI","title":"تیشرت MAUI","price":"625,000","availability":1,"image":"https://digifycdn.com/media/item_images/image_SuSSk6P.jpg?x-img=v1/optimize,q_95/resize,w_500,force_true","category":"تیشرت","guarantee":"","product_id":"1663545","error":""},{"url":"https://sinastyle.ir/product/1663532/%D8%AA%DB%8C%D8%B4%D8%B1%D8%AA-GYRO","title":"تیشرت GYRO","price":"585,000","availability":1,"image":"https://digifycdn.com/media/item_images/image_0RCHPtY.jpg?x-img=v1/optimize,q_95/resize,w_500,force_true","category":"تیشرت","guarantee":"","product_id":"1663532","error":""}],"pages_processed":0,"console_logs":["Browser disconnected unexpectedly."]}
