[STDOUT] Launching headless Chrome browser...
[STDOUT] Creating new browser context...
[STDOUT] Creating new page...
[STDOUT] Processing page 1...
[STDOUT] Navigating to page: https://tareqmobile.ir/category/%D8%AF%D8%B3%D8%AA%D9%87%E2%80%8C%D8%A8%D9%86%D8%AF%DB%8C-%D9%85%D8%AD%D8%B5%D9%88%D9%84%D8%A7%D8%AA...
[STDOUT] Page navigation completed.
[STDOUT] Waiting for product links to appear (max 30s)...
[STDOUT] Added new link: /product/میکروفون-بی-سیم-پرودو-Porodo-Lavalier-Microphone-PD-WCDMIC-دارای-۲-فرستنده
[STDOUT] Added new link: /product/میکروفون-بی-سیم-پرودو-دارای-۲-فرستنده-مدل-Lavalier-Microphone-PD-LDMCLA
[STDOUT] Added new link: /product/ترازوی-چمدان-دیجیتال-گرین-Green-Digital-Luggage-Scale
[STDOUT] Added new link: /product/ماساژور-پا-گرین-لاین-مدل-Foot-Bath-Massager
[STDOUT] Added new link: /product/دستگاه-خشک‌کن-کفش-پرتابل-پرودو-مدل-Porodo-Lifestyle-Portable-Shoe-Dryer
[STDOUT] Added new link: /product/ماشین-حساب-و-تخته-رسم-هوشمند-Green-Lion-CAlcwrite-pro
[STDOUT] Added new link: /product/ساعت-هوشمند-پرودو-Porodo-Belle-Smart-Watch-AMOLED-Display
[STDOUT] Added new link: /product/پاوربانک-گرین-لاین-مدل-Monaco-Magsafe-20W-با-ظرفیت-۲۰-۰۰۰-میلی‌آمپر
[STDOUT] Added new link: /product/پایه-نگهدارنده-گوشی-رومیزی-پرودو-مدل-Multi-Angle-Desktop-Phone-Stand
[STDOUT] Added new link: /product/ماشین-اصلاح-پرودو-مدل-Porodo-Dual-Blade-Beard-Trimmer-PD-LSROBT
[STDOUT] Added new link: /product/ساعت-هوشمند-گرین-لاین-مدل-INFINITE-PRO-GNINFPROSW
[STDOUT] Added new link: /product/مونوپاد-و-سه-پایه-گرین-لاین-مدل-Extendable
[STDOUT] Added new link: /product/ماگ-حرارتی-لپرسو-مدل-Lepresso-LPCM520-coffee-mug-sleeve-and-straw-520ML
[STDOUT] Added new link: /product/ماگ-دو-جداره-سرد-و-گرم-لپرسو-مدل-Lepresso-Insulated-Tumbler-Hot-Cold-Drinks
[STDOUT] Added new link: /product/ماشین-اصلاح-صورت-گرین-لاین-مدل-Green-Lion-Ultra-Glide-Men’s-Shaver-GNULGLIMSHVBK
[STDOUT] Added new link: /product/ماشین-اصلاح-شارژی-Porodo-lifestyle-Dual-purpose-beard-trimmer
[STDOUT] page1 -> 16 link find
[STDOUT] Processing page 2...
[STDOUT] Navigating to page: https://tareqmobile.ir/category/%D8%AF%D8%B3%D8%AA%D9%87%E2%80%8C%D8%A8%D9%86%D8%AF%DB%8C-%D9%85%D8%AD%D8%B5%D9%88%D9%84%D8%A7%D8%AA?page=2...
[STDOUT] Page navigation completed.
[STDOUT] Waiting for product links to appear (max 30s)...
[STDOUT] Added new link: /product/کیف-اکسسوری-کورال-کلاچ-گرین-Green-Coral-Clutch-Bag
[STDOUT] Added new link: /product/کیف-دستی-گرین-لاین-مدل-Green-Lion-Lakeshore
[STDOUT] Added new link: /product/پاوربانک-10000mAH-فستPorodo-Blue-LCD-22-5w-PD-QC-Pb053
[STDOUT] Added new link: /product/دستگاه-دهانشوی-300-میلی-لیتر-گرین-لاین-مدل-Green-Portable-Oral-Irrigator-300ML
[STDOUT] Added new link: /product/ساندبار-مکسول-مدل-Inferno-Soundbar
[STDOUT] Added new link: /product/ماساژور-دستی-پرودو-مدل-Porodo-Lifestyle-Handheld-Hot-Stone-Massager
[STDOUT] Added new link: /product/فلاسک-گرین-لاین-مدل-فیوژن-Green-Lion-Fusion-Thermal-Bottle
[STDOUT] Added new link: /product/ماگ-سرد-و-گرم-نگه-دارنده-گرین-لاین-Green-Lion-Vintage-1000ml
[STDOUT] Added new link: /product/هدفون-بلوتوثی-Porodo-مدل-Vintage
[STDOUT] Added new link: /product/هدفون-بلوتوثی-بچگانه-Moose-مدل-STWLEP027-پرودو-Porodo-Soundtec-Moose-Wireless-Kids-Headphone
[STDOUT] Added new link: /product/ساعت-هوشمند-Maxwell-مدل-MW-Series-9
[STDOUT] Added new link: /product/کنسول-بازی-Green-Lion-GP-Pro-64GB-با-باتری-2600mAh
[STDOUT] Added new link: /product/مخلوط-کن-یک-و-نیم-لیتری-برند-SeaBroad-مدل-D02
[STDOUT] Added new link: /product/اتو-بخار-دستی-مینی-شارژی-160-وات-مدل-YTJ-01
[STDOUT] Added new link: /product/چراغ-رومیزی-LED-لمسی-با-اسپیکر-بلوتوثی-و-شارژر-بی‌سیم-طرح-کلاسیک
[STDOUT] Added new link: /product/اسپیکر-بلوتوثی-MFGMF-با-نورپردازی-LED-و-شارژ-بی‌سیم
[STDOUT] page2 -> 16 link find
[STDOUT] Processing page 3...
[STDOUT] Navigating to page: https://tareqmobile.ir/category/%D8%AF%D8%B3%D8%AA%D9%87%E2%80%8C%D8%A8%D9%86%D8%AF%DB%8C-%D9%85%D8%AD%D8%B5%D9%88%D9%84%D8%A7%D8%AA?page=3...
[STDOUT] Page navigation completed.
[STDOUT] Waiting for product links to appear (max 30s)...
[STDOUT] Added new link: /product/اسپیکر-بلوتوثی-Apollo-F31-با-نورپردازی-RGB-و-ضد-آب-IPX7
[STDOUT] Added new link: /product/چراغ-خواب-طرح-فضانورد-سه-کاره-با-اسپیکر-و-شارژ-بی‌سیم
[STDOUT] Added new link: /product/چراغ-رومیزی-پرنده-کریتیو-Creative-Bird-Table-Lamp
[STDOUT] Added new link: /product/دستگاه-قهوه‌ساز-دیجیتال-LePresso-Digital-Drip-Coffee-Machine-with-Smart-Functions-1-5L-900W
[STDOUT] Added new link: /product/کیت-تمیز-کننده-20-کاره-مدل-20in1-Cleaning-Brush-Set
[STDOUT] Added new link: /product/ماساژور-سر-مدل-mdhl-k108
[STDOUT] Added new link: /product/سه-راهی-برق-onesam-مدل-os-u08
[STDOUT] Added new link: /product/اسپیکر-معلق-سفینه-فضایی-ufo-suspended-speaker-with-RGB
[STDOUT] Added new link: /product/ماوس-لایت-شفاف-گرین-لاین-Green-Transparent-Mouse-Lite-GNTRMSELITEBK
[STDOUT] Added new link: /product/هندزفری-Porodo-Lucid-True-Wireless-Earbuds
[STDOUT] Added new link: /product/هندزفری-بلوتوثی-پرودو-مدل-Soundtec-STF03N
[STDOUT] Added new link: /product/هندزفری-بی-سیم-المنت-پرودو-Porodo-Element-True-Wireless-Earbuds-PD-STF07MEBK
[STDOUT] Added new link: /product/هندزفری-بلوتوث-کودکان-کلیپسی-گرین-Green-Kidz-Klips-Earbuds
[STDOUT] Added new link: /product/هندزفری-بلوتوثی-گرین-لاین-مدل-Queen-s
[STDOUT] Added new link: /product/ایرپاد-Porodo-Soundtec-Earbuds-Pro2-ANC
[STDOUT] Added new link: /product/ایرپاد-2-پرودو-Earbuds-2-with-Airoha-Chipset-Siri-Enabled
[STDOUT] page3 -> 16 link find
[STDOUT] Processing page 4...
[STDOUT] Navigating to page: https://tareqmobile.ir/category/%D8%AF%D8%B3%D8%AA%D9%87%E2%80%8C%D8%A8%D9%86%D8%AF%DB%8C-%D9%85%D8%AD%D8%B5%D9%88%D9%84%D8%A7%D8%AA?page=4...
[STDOUT] Page navigation completed.
[STDOUT] Waiting for product links to appear (max 30s)...
[STDOUT] Added new link: /product/هدفون-گردنی-Bone-Conduction-Porodo-Soundtec-مدل-PD-STWLEP013-BK
[STDOUT] Added new link: /product/ماشین-اصلاح-موی-بدن-کیمی-مدل-KM-3208
[STDOUT] Added new link: /product/هدفون-انکر-SoundCore-Life-U2i
[STDOUT] Added new link: /product/هندزفری-گردنی-ساندتک-پرودو-مدل-SV-PRO-NECKBAND-EARPHONE
[STDOUT] Added new link: /product/پاوربانک-2-در-1-گرین-لاین-با-ظرفیت-10000-میلی‌آمپر
[STDOUT] Added new link: /product/پاوربانک-10000mAh-و-چراغ-پرودو-مدل-Outdoor-Night-Light
[STDOUT] Added new link: /product/پاوربانک-مکسول-Maxwell-power-Max-20000mAh
[STDOUT] Added new link: /product/پاوربانک-و-شارژر-GaN-گرین-لاین-مدل-Green-Lion-Powerbank-GaN-Charger-5200mAh
[STDOUT] Added new link: /product/پاوربانک-مگسیف-همراه-با-کابل-پرودو-Porodo-مدل-Magsafe-Grip-Attach-10000mAh
[STDOUT] Added new link: /product/هدفون-بی‌سیم-گرین-لاین-مدل-Lisbon
[STDOUT] Added new link: /product/هدفون-وایرلس-گرین-لاین-Green-Lion-OSLO-Wireless-Headphone-GNHDPHTX02
[STDOUT] Added new link: /product/دستگاه-مینی-بخور-گرین-لاین-مدل-Mini-Bakhour-2
[STDOUT] Added new link: /product/دستگاه-بخور-هوشمند-گرین-لاین-مدل-Smart-Bakhour
[STDOUT] Added new link: /product/ماشین-اصلاح-چندکاره-پرودو-مدل-Porodo-Multi-purpose-Beard-Trimmer-And-Smooth-PD-LSR6N1GK
[STDOUT] Added new link: /product/ساعت-هوشمند-گرین-لاین-مدل-Ultra-Active
[STDOUT] Added new link: /product/ساعت-هوشمند-گرین-لاین-Green-Lion-Ultra-AMOLED
[STDOUT] page4 -> 16 link find
[STDOUT] Processing page 5...
[STDOUT] Navigating to page: https://tareqmobile.ir/category/%D8%AF%D8%B3%D8%AA%D9%87%E2%80%8C%D8%A8%D9%86%D8%AF%DB%8C-%D9%85%D8%AD%D8%B5%D9%88%D9%84%D8%A7%D8%AA?page=5...
[STDOUT] Page navigation completed.
[STDOUT] Waiting for product links to appear (max 30s)...
[STDOUT] Added new link: /product/ساعت-هوشمند-Porodo-Magnifico2-45mm
[STDOUT] Added new link: /product/ساعت-هوشمند-مخصوص-کودکان-گرین-لاین-مدل-2G-Kids-Series-5
[STDOUT] Added new link: /product/ساعت-هوشمند-Maxwell-مدل-MW-ULTRA-2
[STDOUT] Added new link: /product/ساعت-هوشمند-گرین-لاین-مدل-Moon
[STDOUT] Added new link: /product/ساعت-هوشمند-گرین-لاین-مدل-Grand-Smart
[STDOUT] Added new link: /product/ساعت-هوشمند-گرین-لاین-مدل-Signature-Pro-GNSIGNPROSW
[STDOUT] Added new link: /product/ساعت-هوشمند-پرودو-مدل-Porodo-Ultra-Evo-PD-SWURTI
[STDOUT] Added new link: /product/ساعت-هوشمند-گرین-لاین-مدل-G-Wear
[STDOUT] Added new link: /product/ساعت-هوشمند-پرودو-مدلPD-LUMINA-ا-Porodo-Ultra-Lumina-Amoled-Watch
[STDOUT] Added new link: /product/ساعت-هوشمند-پرودو-مدل-Watch-8-PD-SW8ALU
[STDOUT] Added new link: /product/گیمبال-و-استابلایزر-هوشمند-رومیزی-گوشی-موبایل-پورودو-PD-GAIFTGR-WH‏
[STDOUT] Added new link: /product/ساعت-هوشمند-پرودو-مدل-Ultra-Titanium-PD-SWULTI
[STDOUT] Added new link: /product/میکروفن-کارائوکه-گرین-Green-Karaoke-Microphone
[STDOUT] Added new link: /product/ویدئو-پروژکتور-هوشمند-پرودو-مدل-Porodo-Compact-PD-LSMPRJ-WH
[STDOUT] Added new link: /product/میکروفون-کودک-گرین-لاین-مدل-GNKIDKARMIC
[STDOUT] Added new link: /product/ماوس-گیمینگ-سیمی-پرودو-مدل-PDX321-با-DPI-قابل-تنظیم-7200
[STDOUT] page5 -> 16 link find
[STDOUT] Processing page 6...
[STDOUT] Navigating to page: https://tareqmobile.ir/category/%D8%AF%D8%B3%D8%AA%D9%87%E2%80%8C%D8%A8%D9%86%D8%AF%DB%8C-%D9%85%D8%AD%D8%B5%D9%88%D9%84%D8%A7%D8%AA?page=6...
[STDOUT] Page navigation completed.
[STDOUT] Waiting for product links to appear (max 30s)...
[STDOUT] Added new link: /product/موس-گیمینگ-گرین-لاین-ReChargeable-Gaming-Mouse-3200-DPI
[STDOUT] Added new link: /product/ماوس-بی‌سیم-گرین-لاین-مدل-Turtle-Wireless-Mouse
[STDOUT] Added new link: /product/ماوس-شفاف-گرین-لاین-Green-Lion-Transparent-Mouse-2
[STDOUT] Added new link: /product/ترازو-هوشمند-پرودو-مدل-Porodo-Smart-Body-Scale-PD-LSBSC
[STDOUT] Added new link: /product/چندراهی-پرودو-مدل-Porodo-Multi-Port-Power-HUB-4-USB-A-USB-C-PD-FWCH013
[STDOUT] Added new link: /product/ترازو-دیجیتال-گرین-لاین-مدل-GNELSCALSL
[STDOUT] Added new link: /product/ماساژور-گردن-و-کمر-پرودو-مدل-PD-LSNMR-WT
[STDOUT] Added new link: /product/ناخن‌گیر-شارژی-Green-Lion-Cut-Q-Clipper
[STDOUT] Added new link: /product/ماساژور-طبی-کمر-پرودو-مدل-PD-HMRWMS-WH
[STDOUT] Added new link: /product/ماساژور-چشم-پورودو-مدل-PD-IMS5MD
[STDOUT] Added new link: /product/ماساژور-پوست-سر-پرودو-Scalp-Massager-PD-LSHDMSG4
[STDOUT] Added new link: /product/ست-مانیکور-و-پدیکور-گرین-لاین-مدل-GNMTRVL18-مجموعه-18-عددی
[STDOUT] Added new link: /product/اسپیکر-طرح-کلاسیک-Oneder-D6-Ultra
[STDOUT] Added new link: /product/قهوه‌ساز-Mini-Q-مدل-iCafilas
[STDOUT] Added new link: /product/چراغ-کمپینگ-شارژی-گرین-لاین-مدل-Portable-Light-360
[STDOUT] Added new link: /product/چراغ-دوکاره-رومیزی-و-چراغ-قوه-پورودو-Desk-Lamp-Torch-Compact-Outdoor-Lantern
[STDOUT] page6 -> 16 link find
[STDOUT] Processing page 7...
[STDOUT] Navigating to page: https://tareqmobile.ir/category/%D8%AF%D8%B3%D8%AA%D9%87%E2%80%8C%D8%A8%D9%86%D8%AF%DB%8C-%D9%85%D8%AD%D8%B5%D9%88%D9%84%D8%A7%D8%AA?page=7...
[STDOUT] Page navigation completed.
[STDOUT] Waiting for product links to appear (max 30s)...
[STDOUT] Added new link: /product/خردکن-و-ترازو-بی-سیم-گرین-لاین-مدل-Food-Chopper
[STDOUT] Added new link: /product/توستر-پرودو-مدل-Porodo-2-Slice-Digital-Pop-up-Toaster-850W-PD-LFST001
[STDOUT] Added new link: /product/جارو-شارژی-انکر-ANKER-Eufy-HomeVac-S11-Lite-مدل-T2503
[STDOUT] Added new link: /product/ست-وسایل-آشپزی-کمپینگ-گرین-لاین-Camping-Cookware-Set-GNCMPCKSETOBK
[STDOUT] Added new link: /product/اتوبخار-دستی-پرودو-مدل-PD-LFHSWB-WH-Porodo-Handheld-Steamer
[STDOUT] Added new link: /product/ست-قهوه-ساز-هشت-تیکه-Green-Lion-مدل-G-50-GNG50COFFST
[STDOUT] Added new link: /product/سرخ-کن-بدون-روغن-پرودو-مدل-6L-PD-LSARFR2-BK
[STDOUT] Added new link: /product/چرخ‌گوشت-و-خردکن-پرودو-مدل-Portable-Electric-Meat-Chopper
[STDOUT] Added new link: /product/اجاق-گاز-کمپینگ-پرودو-مدل-Porodo-Camping-Gas-PD-LCMPSGS
[STDOUT] Added new link: /product/اجاق-گاز-مسافرتی-2800W-پرودو-PORODO-طرح-چوب
[STDOUT] Added new link: /product/دستگاه-آب-گرم-فوری-پرودو-مدل-PD-LSWDH
[STDOUT] Added new link: /product/اسکوتر-برقی-پرودو-مدل-Porodo-Electric-Scooter-48V-with-Seat-and-Helmet-Black
[STDOUT] Added new link: /product/آب-میوه-گیری-شارژی-پرودو-مدل-PD-LSCJ45-WH-ا-Porodo-Lifestyle-Portable-Cordless-Citrus-Juicer-200ml
[STDOUT] Added new link: /product/آبمیوه-گیر-و-مخلوط-کن-پرودو-مدل-Go-Blender-PD-LFST017
[STDOUT] Added new link: /product/بستنی-ساز-و-مخلوط-کن-شارژی-پرودو-Porodo-Ice-Cream-Maker-and-Blender-PD-BLICM
[STDOUT] Added new link: /product/مودم-4G-LTE-قابل-حمل-پرودو-مدل-PD-PT4GRV2-BK
[STDOUT] page7 -> 16 link find
[STDOUT] Processing page 8...
[STDOUT] Navigating to page: https://tareqmobile.ir/category/%D8%AF%D8%B3%D8%AA%D9%87%E2%80%8C%D8%A8%D9%86%D8%AF%DB%8C-%D9%85%D8%AD%D8%B5%D9%88%D9%84%D8%A7%D8%AA?page=8...
[STDOUT] Page navigation completed.
[STDOUT] Waiting for product links to appear (max 30s)...
[STDOUT] Added new link: /product/اسپیکر-بلوتوثی-KF-Senior-مدل-SP-840
[STDOUT] Added new link: /product/اسپیکر-بلوتوثی-قابل-حمل-پرودو-مدل-Gala-به-همراه-میکروفون
[STDOUT] Added new link: /product/اسپیکر-بلوتوثی-پرودو-مدل-PD-GALACTIC-BK
[STDOUT] Added new link: /product/اسپیکر-بلوتوثی-قابل-حمل-با-نور-ال-ای-دی-360-درجه-جی-بی-ال-مدل-Pulse-4
[STDOUT] Added new link: /product/هدفون-بلوتوثی-انکر-مدل-Anker-SoundCore-H30i
[STDOUT] Added new link: /product/هدفون-بی-سیم-انکر-مدل-SoundCore-Life-Q30
[STDOUT] Added new link: /product/هدفون-بی-سیم-انکر-مدل-Anker-Life-2-Neo
[STDOUT] Added new link: /product/اسپیکر-بلوتوثی-قابل-حمل-انکر-مدل-SoundCore-Rave-160W
[STDOUT] Added new link: /product/جارو-شارژی-قابل-حمل-مینی-پوردو-Porodo-Blue-Mini-Vacuum
[STDOUT] page8 -> 9 link find
[STDOUT] Processing page 9...
[STDOUT] Navigating to page: https://tareqmobile.ir/category/%D8%AF%D8%B3%D8%AA%D9%87%E2%80%8C%D8%A8%D9%86%D8%AF%DB%8C-%D9%85%D8%AD%D8%B5%D9%88%D9%84%D8%A7%D8%AA?page=9...
