[2025-05-17 11:29:22] Starting scraper...
[2025-05-17 11:29:22] Generated database name: abnamaaral_com
[2025-05-17 11:29:22] Database abnamaaral_com exists, dropping it...
[2025-05-17 11:29:22] Creating database abnamaaral_com...
[2025-05-17 11:29:22] Switched to database: abnamaaral_com
[2025-05-17 11:29:22] Running specific migrations for database abnamaaral_com...
[2025-05-17 11:29:22] Applied migration: 2025_04_08_162133_create_products_table.php
[2025-05-17 11:29:22] Applied migration: 2025_04_13_073528_create_failed_links_table.php
[2025-05-17 11:29:22] Specific migrations completed for database abnamaaral_com
[2025-05-17 11:29:22] Found 27 products_urls to process
[2025-05-17 11:29:22] Fetching product links using method: 2
[2025-05-17 11:29:22] Normalized URL: https://abnamaaral.com/product-category/pool-fittings/brass-fittings/ -> https://abnamaaral.com/product-category/pool-fittings/brass-fittings/
[2025-05-17 11:29:22] Processing products_url 1: https://abnamaaral.com/product-category/pool-fittings/brass-fittings/
[2025-05-17 11:29:22] Starting Playwright scraping process for URL: https://abnamaaral.com/product-category/pool-fittings/brass-fittings/...
[2025-05-17 11:29:22] Pagination method: url
[2025-05-17 11:29:22] Generated Playwright script for https://abnamaaral.com/product-category/pool-fittings/brass-fittings/:
[2025-05-17 11:29:22] Temporary script file created at: /tmp/playwright_YE2M8e.cjs
[2025-05-17 11:29:22] Executing Playwright script: NODE_PATH=/var/www/products-shops/node_modules node /tmp/playwright_YE2M8e.cjs
[2025-05-17 11:29:22] Playwright output: Launching browser...
[2025-05-17 11:29:22] Playwright output: Browser launched successfully.
[2025-05-17 11:29:22] Playwright output: Creating new browser context with user agent: Mozilla/5.0 (Windows NT 10.0; Win64; x64) Chrome/91.0.4472.124
[2025-05-17 11:29:22] Playwright output: Browser context and page created successfully.
[2025-05-17 11:29:22] Playwright output: Using pagination method: url
[2025-05-17 11:29:22] Playwright output: Processing page 1 at URL: https://abnamaaral.com/product-category/pool-fittings/brass-fittings...
