[2025-05-16 10:42:02] Playwright output: Processing page 2...
[2025-05-16 10:42:02] Playwright output: Navigating to page: https://tareqmobile.ir/category/%D8%AF%D8%B3%D8%AA%D9%87%E2%80%8C%D8%A8%D9%86%D8%AF%DB%8C-%D9%85%D8%AD%D8%B5%D9%88%D9%84%D8%A7%D8%AA?page=2...
[2025-05-16 10:42:02] Playwright output: Page navigation completed.
[2025-05-16 10:42:02] Playwright output: Waiting for product links to appear (max 30s)...
[2025-05-16 10:42:02] Playwright output: Added new link: /product/کیف-اکسسوری-کورال-کلاچ-گرین-Green-Coral-Clutch-Bag
[2025-05-16 10:42:02] Playwright output: Added new link: /product/کیف-دستی-گرین-لاین-مدل-Green-Lion-Lakeshore
[2025-05-16 10:42:02] Playwright output: Added new link: /product/پاوربانک-10000mAH-فستPorodo-Blue-LCD-22-5w-PD-QC-Pb053
[2025-05-16 10:42:02] Playwright output: Added new link: /product/دستگاه-دهانشوی-300-میلی-لیتر-گرین-لاین-مدل-Green-Portable-Oral-Irrigator-300ML
[2025-05-16 10:42:02] Playwright output: Added new link: /product/ساندبار-مکسول-مدل-Inferno-Soundbar
[2025-05-16 10:42:02] Playwright output: Added new link: /product/ماساژور-دستی-پرودو-مدل-Porodo-Lifestyle-Handheld-Hot-Stone-Massager
[2025-05-16 10:42:02] Playwright output: Added new link: /product/فلاسک-گرین-لاین-مدل-فیوژن-Green-Lion-Fusion-Thermal-Bottle
[2025-05-16 10:42:02] Playwright output: Added new link: /product/ماگ-سرد-و-گرم-نگه-دارنده-گرین-لاین-Green-Lion-Vintage-1000ml
[2025-05-16 10:42:02] Playwright output: Added new link: /product/هدفون-بلوتوثی-Porodo-مدل-Vintage
[2025-05-16 10:42:02] Playwright output: Added new link: /product/هدفون-بلوتوثی-بچگانه-Moose-مدل-STWLEP027-پرودو-Porodo-Soundtec-Moose-Wireless-Kids-Headphone
[2025-05-16 10:42:02] Playwright output: Added new link: /product/ساعت-هوشمند-Maxwell-مدل-MW-Series-9
[2025-05-16 10:42:02] Playwright output: Added new link: /product/کنسول-بازی-Green-Lion-GP-Pro-64GB-با-باتری-2600mAh
[2025-05-16 10:42:02] Playwright output: Added new link: /product/مخلوط-کن-یک-و-نیم-لیتری-برند-SeaBroad-مدل-D02
[2025-05-16 10:42:02] Playwright output: Added new link: /product/اتو-بخار-دستی-مینی-شارژی-160-وات-مدل-YTJ-01
[2025-05-16 10:42:02] Playwright output: Added new link: /product/چراغ-رومیزی-LED-لمسی-با-اسپیکر-بلوتوثی-و-شارژر-بی‌سیم-طرح-کلاسیک
[2025-05-16 10:42:02] Playwright output: Added new link: /product/اسپیکر-بلوتوثی-MFGMF-با-نورپردازی-LED-و-شارژ-بی‌سیم
[2025-05-16 10:42:02] page2 -> 16 link find
