[2025-05-16 11:02:42] Playwright output: Processing page 4...
[2025-05-16 11:02:42] Playwright output: Navigating to page: https://tareqmobile.ir/category/%D8%AF%D8%B3%D8%AA%D9%87%E2%80%8C%D8%A8%D9%86%D8%AF%DB%8C-%D9%85%D8%AD%D8%B5%D9%88%D9%84%D8%A7%D8%AA?page=4...
[2025-05-16 11:02:42] Playwright output: Page navigation completed.
[2025-05-16 11:02:42] Playwright output: Waiting for product links to appear (max 30s)...
[2025-05-16 11:02:42] Playwright output: Added new link: /product/هدفون-گردنی-Bone-Conduction-Porodo-Soundtec-مدل-PD-STWLEP013-BK
[2025-05-16 11:02:42] Playwright output: Added new link: /product/ماشین-اصلاح-موی-بدن-کیمی-مدل-KM-3208
[2025-05-16 11:02:42] Playwright output: Added new link: /product/هدفون-انکر-SoundCore-Life-U2i
[2025-05-16 11:02:42] Playwright output: Added new link: /product/هندزفری-گردنی-ساندتک-پرودو-مدل-SV-PRO-NECKBAND-EARPHONE
[2025-05-16 11:02:42] Playwright output: Added new link: /product/پاوربانک-2-در-1-گرین-لاین-با-ظرفیت-10000-میلی‌آمپر
[2025-05-16 11:02:42] Playwright output: Added new link: /product/پاوربانک-10000mAh-و-چراغ-پرودو-مدل-Outdoor-Night-Light
[2025-05-16 11:02:42] Playwright output: Added new link: /product/پاوربانک-مکسول-Maxwell-power-Max-20000mAh
[2025-05-16 11:02:42] Playwright output: Added new link: /product/پاوربانک-و-شارژر-GaN-گرین-لاین-مدل-Green-Lion-Powerbank-GaN-Charger-5200mAh
[2025-05-16 11:02:42] Playwright output: Added new link: /product/پاوربانک-مگسیف-همراه-با-کابل-پرودو-Porodo-مدل-Magsafe-Grip-Attach-10000mAh
[2025-05-16 11:02:42] Playwright output: Added new link: /product/هدفون-بی‌سیم-گرین-لاین-مدل-Lisbon
[2025-05-16 11:02:42] Playwright output: Added new link: /product/هدفون-وایرلس-گرین-لاین-Green-Lion-OSLO-Wireless-Headphone-GNHDPHTX02
[2025-05-16 11:02:42] Playwright output: Added new link: /product/دستگاه-مینی-بخور-گرین-لاین-مدل-Mini-Bakhour-2
[2025-05-16 11:02:42] Playwright output: Added new link: /product/دستگاه-بخور-هوشمند-گرین-لاین-مدل-Smart-Bakhour
[2025-05-16 11:02:42] Playwright output: Added new link: /product/ماشین-اصلاح-چندکاره-پرودو-مدل-Porodo-Multi-purpose-Beard-Trimmer-And-Smooth-PD-LSR6N1GK
[2025-05-16 11:02:42] Playwright output: Added new link: /product/ساعت-هوشمند-گرین-لاین-مدل-Ultra-Active
[2025-05-16 11:02:42] Playwright output: Added new link: /product/ساعت-هوشمند-گرین-لاین-Green-Lion-Ultra-AMOLED
[2025-05-16 11:02:42] page4 -> 16 link find
