Ø§Ø¬Ø±Ø§ÛŒ Ø§Ø³Ú©Ø±Ù¾Ø± Ø¨Ø±Ø§ÛŒ Ú©Ø§Ù†ÙÛŒÚ¯ cafestok Ø¯Ø± ØªØ§Ø±ÛŒØ® 2025-05-19 18:17:42 Ø´Ø±ÙˆØ¹ Ø´Ø¯...
Starting flexible scraper...
Loading configuration from /var/www/products-shops/storage/app/private/private/cafestok.json
Request delay set to 500 ms.
Starting scrape operation...

   Illuminate\Database\QueryException 

  SQLSTATE[42S22]: Column not found: 1054 Unknown column 'image' in 'field list' (Connection: dynamic, SQL: select `url`, `image`, `product_id`, `off` from `links` where `processed` = 0 and `id` >= 10)

  at /var/www/products-shops/vendor/laravel/framework/src/Illuminate/Database/Connection.php:822
    818â–•                     $this->getName(), $query, $this->prepareBindings($bindings), $e
    819â–•                 );
    820â–•             }
    821â–• 
  âžœ 822â–•             throw new QueryException(
    823â–•                 $this->getName(), $query, $this->prepareBindings($bindings), $e
    824â–•             );
    825â–•         }
    826â–•     }

      [2m+9 vendor frames [22m

  10  /var/www/products-shops/app/Http/Controllers/StartController.php:3344
      Illuminate\Database\Query\Builder::get()

  11  /var/www/products-shops/app/Http/Controllers/StartController.php:2182
      App\Http\Controllers\StartController::getProductLinksFromDatabase()

