اجرای اسکرپر برای کانفیگ cafestok در تاریخ 2025-05-19 18:03:52 شروع شد...
Starting flexible scraper...
Loading configuration from /var/www/products-shops/storage/app/private/private/cafestok.json
Request delay set to 500 ms.
Starting scrape operation...
[1;95mFetching page: https://cafestok.com/shop/[0m
[1;32mpage1 -> 12 link find[0m
[1;95mExtracted product_id from product_page: 4782[0m
[1;93mDEBUG: logProduct called for آدابتور ایکس پی فست سه سر لایتنینگ اپل،تایپ سی ،میکرو مدل XP-CC31 Wall Charger with product_id 4782[0m
[1;33m+------------+--------------------------------------------------------------------------------+------------+------------+--------------+------------+------------+------------+
| Product ID |                                     Title                                      |   Price    |  Category  | Availability |  Discount  | Image URL  | Guarantee  |
+------------+--------------------------------------------------------------------------------+------------+------------+--------------+------------+------------+------------+
|    4782    | آدابتور ایکس پی فست سه سر لایتنینگ اپل،تایپ سی ،میکرو مدل XP-CC31 Wall Charger |     0      |  آداپتور   |   ناموجود    |    34%     |   موجود    |   ندارد    |
+------------+--------------------------------------------------------------------------------+------------+------------+--------------+------------+------------+------------+
[0m
[1;93mDEBUG: logProduct called for آدابتور ایکس پی فست سه سر لایتنینگ اپل،تایپ سی ،میکرو مدل XP-CC31 Wall Charger with product_id 4782[0m
[1;33m+------------+--------------------------------------------------------------------------------+------------+------------+--------------+------------+------------+------------+
| Product ID |                                     Title                                      |   Price    |  Category  | Availability |  Discount  | Image URL  | Guarantee  |
+------------+--------------------------------------------------------------------------------+------------+------------+--------------+------------+------------+------------+
|    4782    | آدابتور ایکس پی فست سه سر لایتنینگ اپل،تایپ سی ،میکرو مدل XP-CC31 Wall Charger |     0      |  آداپتور   |   ناموجود    |    34%     |   موجود    |   ندارد    |
+------------+--------------------------------------------------------------------------------+------------+------------+--------------+------------+------------+------------+
[0m
[1;93mDEBUG: logProduct called for آدابتور ایکس پی فست سه سر لایتنینگ اپل،تایپ سی ،میکرو مدل XP-CC31 Wall Charger[0m
[1;95mExtracted product_id from product_page: 9486[0m
[1;93mDEBUG: logProduct called for آداپتور 12 ولت 1امپر هواویی مدل hw-120100b1wاستوک with product_id 9486[0m
[1;33m+------------+---------------------------------------------------+------------+------------+--------------+------------+------------+------------+
| Product ID |                       Title                       |   Price    |  Category  | Availability |  Discount  | Image URL  | Guarantee  |
+------------+---------------------------------------------------+------------+------------+--------------+------------+------------+------------+
|    9486    | آداپتور 12 ولت 1امپر هواویی مدل hw-120100b1wاستوک |     0      |  آداپتور   |   ناموجود    |    49%     |   موجود    |   ندارد    |
+------------+---------------------------------------------------+------------+------------+--------------+------------+------------+------------+
[0m
[1;93mDEBUG: logProduct called for آداپتور 12 ولت 1امپر هواویی مدل hw-120100b1wاستوک with product_id 9486[0m
[1;33m+------------+---------------------------------------------------+------------+------------+--------------+------------+------------+------------+
| Product ID |                       Title                       |   Price    |  Category  | Availability |  Discount  | Image URL  | Guarantee  |
+------------+---------------------------------------------------+------------+------------+--------------+------------+------------+------------+
|    9486    | آداپتور 12 ولت 1امپر هواویی مدل hw-120100b1wاستوک |     0      |  آداپتور   |   ناموجود    |    49%     |   موجود    |   ندارد    |
+------------+---------------------------------------------------+------------+------------+--------------+------------+------------+------------+
[0m
[1;93mDEBUG: logProduct called for آداپتور 12 ولت 1امپر هواویی مدل hw-120100b1wاستوک[0m
[1;95mExtracted product_id from product_page: 5021[0m
[1;93mDEBUG: logProduct called for آداپتور 6.5 ولت 300 میلی آمپر گوشی تلفن بی سیم گیگاست مدل C۳۹۲۸۰-Z۴-C785 ،C۳۹۲۸۰-Z۴-C771 with product_id 5021[0m
[1;33m+------------+------------------------------------------------------------------------------------------+------------+------------+--------------+------------+------------+------------+
| Product ID |                                          Title                                           |   Price    |  Category  | Availability |  Discount  | Image URL  | Guarantee  |
+------------+------------------------------------------------------------------------------------------+------------+------------+--------------+------------+------------+------------+
|    5021    | آداپتور 6.5 ولت 300 میلی آمپر گوشی تلفن بی سیم گیگاست مدل C۳۹۲۸۰-Z۴-C785 ،C۳۹۲۸۰-Z۴-C771 |     0      |  آداپتور   |   ناموجود    |    12%     |   موجود    |   ندارد    |
+------------+------------------------------------------------------------------------------------------+------------+------------+--------------+------------+------------+------------+
[0m
[1;93mDEBUG: logProduct called for آداپتور 6.5 ولت 300 میلی آمپر گوشی تلفن بی سیم گیگاست مدل C۳۹۲۸۰-Z۴-C785 ،C۳۹۲۸۰-Z۴-C771 with product_id 5021[0m
[1;33m+------------+------------------------------------------------------------------------------------------+------------+------------+--------------+------------+------------+------------+
| Product ID |                                          Title                                           |   Price    |  Category  | Availability |  Discount  | Image URL  | Guarantee  |
+------------+------------------------------------------------------------------------------------------+------------+------------+--------------+------------+------------+------------+
|    5021    | آداپتور 6.5 ولت 300 میلی آمپر گوشی تلفن بی سیم گیگاست مدل C۳۹۲۸۰-Z۴-C785 ،C۳۹۲۸۰-Z۴-C771 |     0      |  آداپتور   |   ناموجود    |    12%     |   موجود    |   ندارد    |
+------------+------------------------------------------------------------------------------------------+------------+------------+--------------+------------+------------+------------+
[0m
[1;93mDEBUG: logProduct called for آداپتور 6.5 ولت 300 میلی آمپر گوشی تلفن بی سیم گیگاست مدل C۳۹۲۸۰-Z۴-C785 ،C۳۹۲۸۰-Z۴-C771[0m
[1;95mExtracted product_id from product_page: 5641[0m
[1;93mDEBUG: logProduct called for  گوشی یدکی پاناسونیک مدل KX-TGA236 استوک with product_id 5641[0m
[1;33m+------------+------------------------------------------+------------+----------------------+--------------+------------+------------+------------+
| Product ID |                  Title                   |   Price    |       Category       | Availability |  Discount  | Image URL  | Guarantee  |
+------------+------------------------------------------+------------+----------------------+--------------+------------+------------+------------+
|    5641    |  گوشی یدکی پاناسونیک مدل KX-TGA236 استوک |     0      | گوشی اضافه پاناسونیک |   ناموجود    |    44%     |   موجود    |   ندارد    |
+------------+------------------------------------------+------------+----------------------+--------------+------------+------------+------------+
[0m
[1;93mDEBUG: logProduct called for  گوشی یدکی پاناسونیک مدل KX-TGA236 استوک with product_id 5641[0m
[1;33m+------------+------------------------------------------+------------+----------------------+--------------+------------+------------+------------+
| Product ID |                  Title                   |   Price    |       Category       | Availability |  Discount  | Image URL  | Guarantee  |
+------------+------------------------------------------+------------+----------------------+--------------+------------+------------+------------+
|    5641    |  گوشی یدکی پاناسونیک مدل KX-TGA236 استوک |     0      | گوشی اضافه پاناسونیک |   ناموجود    |    44%     |   موجود    |   ندارد    |
+------------+------------------------------------------+------------+----------------------+--------------+------------+------------+------------+
[0m
[1;93mDEBUG: logProduct called for  گوشی یدکی پاناسونیک مدل KX-TGA236 استوک[0m
[1;95mExtracted product_id from product_page: 4981[0m
[1;93mDEBUG: logProduct called for آداپتور 6.5 ولت 500 میلی‌آمپر پاناسونیک مدل PQLV219BX اصلی with product_id 4981[0m
[1;33m+------------+------------------------------------------------------------+------------+------------+--------------+------------+------------+------------+
| Product ID |                           Title                            |   Price    |  Category  | Availability |  Discount  | Image URL  | Guarantee  |
+------------+------------------------------------------------------------+------------+------------+--------------+------------+------------+------------+
|    4981    | آداپتور 6.5 ولت 500 میلی‌آمپر پاناسونیک مدل PQLV219BX اصلی |     0      |  آداپتور   |   ناموجود    |    28%     |   موجود    |   ندارد    |
+------------+------------------------------------------------------------+------------+------------+--------------+------------+------------+------------+
[0m
[1;93mDEBUG: logProduct called for آداپتور 6.5 ولت 500 میلی‌آمپر پاناسونیک مدل PQLV219BX اصلی with product_id 4981[0m
[1;33m+------------+------------------------------------------------------------+------------+------------+--------------+------------+------------+------------+
| Product ID |                           Title                            |   Price    |  Category  | Availability |  Discount  | Image URL  | Guarantee  |
+------------+------------------------------------------------------------+------------+------------+--------------+------------+------------+------------+
|    4981    | آداپتور 6.5 ولت 500 میلی‌آمپر پاناسونیک مدل PQLV219BX اصلی |     0      |  آداپتور   |   ناموجود    |    28%     |   موجود    |   ندارد    |
+------------+------------------------------------------------------------+------------+------------+--------------+------------+------------+------------+
[0m
[1;93mDEBUG: logProduct called for آداپتور 6.5 ولت 500 میلی‌آمپر پاناسونیک مدل PQLV219BX اصلی[0m
[1;95mExtracted product_id from product_page: 5892[0m
[1;93mDEBUG: logProduct called for Printer adapter ا آداپتور فیش پرینتر و لیبل پرینتر with product_id 5892[0m
[1;33m+------------+----------------------------------------------------+------------+------------+--------------+------------+------------+------------+
| Product ID |                       Title                        |   Price    |  Category  | Availability |  Discount  | Image URL  | Guarantee  |
+------------+----------------------------------------------------+------------+------------+--------------+------------+------------+------------+
|    5892    | Printer adapter ا آداپتور فیش پرینتر و لیبل پرینتر |     0      |  آداپتور   |   ناموجود    |    30%     |   موجود    |   ندارد    |
+------------+----------------------------------------------------+------------+------------+--------------+------------+------------+------------+
[0m
[1;93mDEBUG: logProduct called for Printer adapter ا آداپتور فیش پرینتر و لیبل پرینتر with product_id 5892[0m
[1;33m+------------+----------------------------------------------------+------------+------------+--------------+------------+------------+------------+
| Product ID |                       Title                        |   Price    |  Category  | Availability |  Discount  | Image URL  | Guarantee  |
+------------+----------------------------------------------------+------------+------------+--------------+------------+------------+------------+
|    5892    | Printer adapter ا آداپتور فیش پرینتر و لیبل پرینتر |     0      |  آداپتور   |   ناموجود    |    30%     |   موجود    |   ندارد    |
+------------+----------------------------------------------------+------------+------------+--------------+------------+------------+------------+
[0m
[1;93mDEBUG: logProduct called for Printer adapter ا آداپتور فیش پرینتر و لیبل پرینتر[0m
[1;95mExtracted product_id from product_page: 9318[0m
[1;93mDEBUG: logProduct called for آداپتور 12 ولت 2 آمپر استوک with product_id 9318[0m
[1;33m+------------+------------------------------------------+------------+------------+--------------+------------+------------+------------+
| Product ID |                  Title                   |   Price    |  Category  | Availability |  Discount  | Image URL  | Guarantee  |
+------------+------------------------------------------+------------+------------+--------------+------------+------------+------------+
|    9318    |       آداپتور 12 ولت 2 آمپر استوک        |     0      |  آداپتور   |   ناموجود    |    35%     |   موجود    |   ندارد    |
+------------+------------------------------------------+------------+------------+--------------+------------+------------+------------+
[0m
[1;93mDEBUG: logProduct called for آداپتور 12 ولت 2 آمپر استوک with product_id 9318[0m
[1;33m+------------+------------------------------------------+------------+------------+--------------+------------+------------+------------+
| Product ID |                  Title                   |   Price    |  Category  | Availability |  Discount  | Image URL  | Guarantee  |
+------------+------------------------------------------+------------+------------+--------------+------------+------------+------------+
|    9318    |       آداپتور 12 ولت 2 آمپر استوک        |     0      |  آداپتور   |   ناموجود    |    35%     |   موجود    |   ندارد    |
+------------+------------------------------------------+------------+------------+--------------+------------+------------+------------+
[0m
[1;93mDEBUG: logProduct called for آداپتور 12 ولت 2 آمپر استوک[0m
[1;95mExtracted product_id from product_page: 4985[0m
[1;93mDEBUG: logProduct called for آداپتور 5.5 ولت 500 میلی‌آمپر پاناسونیک مدل PNLV226E اصلی وارداتی with product_id 4985[0m
[1;33m+------------+-------------------------------------------------------------------+------------+------------+--------------+------------+------------+------------+
| Product ID |                               Title                               |   Price    |  Category  | Availability |  Discount  | Image URL  | Guarantee  |
+------------+-------------------------------------------------------------------+------------+------------+--------------+------------+------------+------------+
|    4985    | آداپتور 5.5 ولت 500 میلی‌آمپر پاناسونیک مدل PNLV226E اصلی وارداتی |     0      |  آداپتور   |   ناموجود    |    36%     |   موجود    |   ندارد    |
+------------+-------------------------------------------------------------------+------------+------------+--------------+------------+------------+------------+
[0m
[1;93mDEBUG: logProduct called for آداپتور 5.5 ولت 500 میلی‌آمپر پاناسونیک مدل PNLV226E اصلی وارداتی with product_id 4985[0m
[1;33m+------------+-------------------------------------------------------------------+------------+------------+--------------+------------+------------+------------+
| Product ID |                               Title                               |   Price    |  Category  | Availability |  Discount  | Image URL  | Guarantee  |
+------------+-------------------------------------------------------------------+------------+------------+--------------+------------+------------+------------+
|    4985    | آداپتور 5.5 ولت 500 میلی‌آمپر پاناسونیک مدل PNLV226E اصلی وارداتی |     0      |  آداپتور   |   ناموجود    |    36%     |   موجود    |   ندارد    |
+------------+-------------------------------------------------------------------+------------+------------+--------------+------------+------------+------------+
[0m
[1;93mDEBUG: logProduct called for آداپتور 5.5 ولت 500 میلی‌آمپر پاناسونیک مدل PNLV226E اصلی وارداتی[0m
[1;95mExtracted product_id from product_page: 10920[0m
[1;93mDEBUG: logProduct called for آداپتور 24 ولت 3امپر مدلYS-243 استوک with product_id 10920[0m
[1;33m+------------+------------------------------------------+------------+------------+--------------+------------+------------+------------+
| Product ID |                  Title                   |   Price    |  Category  | Availability |  Discount  | Image URL  | Guarantee  |
+------------+------------------------------------------+------------+------------+--------------+------------+------------+------------+
|   10920    |   آداپتور 24 ولت 3امپر مدلYS-243 استوک   |     0      |  آداپتور   |   ناموجود    |    22%     |   موجود    |   ندارد    |
+------------+------------------------------------------+------------+------------+--------------+------------+------------+------------+
[0m
[1;93mDEBUG: logProduct called for آداپتور 24 ولت 3امپر مدلYS-243 استوک with product_id 10920[0m
[1;33m+------------+------------------------------------------+------------+------------+--------------+------------+------------+------------+
| Product ID |                  Title                   |   Price    |  Category  | Availability |  Discount  | Image URL  | Guarantee  |
+------------+------------------------------------------+------------+------------+--------------+------------+------------+------------+
|   10920    |   آداپتور 24 ولت 3امپر مدلYS-243 استوک   |     0      |  آداپتور   |   ناموجود    |    22%     |   موجود    |   ندارد    |
+------------+------------------------------------------+------------+------------+--------------+------------+------------+------------+
[0m
[1;93mDEBUG: logProduct called for آداپتور 24 ولت 3امپر مدلYS-243 استوک[0m
[1;95mExtracted product_id from product_page: 14562[0m
[1;93mDEBUG: logProduct called for آداپتور 8 ولت 3 آمپر دستگاه کارت خوان SBE with product_id 14562[0m
[1;33m+------------+-------------------------------------------+------------+-------------------+--------------+------------+------------+------------+
| Product ID |                   Title                   |   Price    |     Category      | Availability |  Discount  | Image URL  | Guarantee  |
+------------+-------------------------------------------+------------+-------------------+--------------+------------+------------+------------+
|   14562    | آداپتور 8 ولت 3 آمپر دستگاه کارت خوان SBE |     0      | آداپتور کارت خوان |   ناموجود    |    45%     |   موجود    |   ندارد    |
+------------+-------------------------------------------+------------+-------------------+--------------+------------+------------+------------+
[0m
[1;93mDEBUG: logProduct called for آداپتور 8 ولت 3 آمپر دستگاه کارت خوان SBE with product_id 14562[0m
[1;33m+------------+-------------------------------------------+------------+-------------------+--------------+------------+------------+------------+
| Product ID |                   Title                   |   Price    |     Category      | Availability |  Discount  | Image URL  | Guarantee  |
+------------+-------------------------------------------+------------+-------------------+--------------+------------+------------+------------+
|   14562    | آداپتور 8 ولت 3 آمپر دستگاه کارت خوان SBE |     0      | آداپتور کارت خوان |   ناموجود    |    45%     |   موجود    |   ندارد    |
+------------+-------------------------------------------+------------+-------------------+--------------+------------+------------+------------+
[0m
[1;93mDEBUG: logProduct called for آداپتور 8 ولت 3 آمپر دستگاه کارت خوان SBE[0m
[1;95mExtracted product_id from product_page: 11624[0m
[1;93mDEBUG: logProduct called for آداپتور ۱۲ ولت ۴ آمپر HATRON هترون استوک with product_id 11624[0m
[1;33m+------------+------------------------------------------+------------+------------+--------------+------------+------------+------------+
| Product ID |                  Title                   |   Price    |  Category  | Availability |  Discount  | Image URL  | Guarantee  |
+------------+------------------------------------------+------------+------------+--------------+------------+------------+------------+
|   11624    | آداپتور ۱۲ ولت ۴ آمپر HATRON هترون استوک |     0      |  آداپتور   |   ناموجود    |    24%     |   موجود    |   ندارد    |
+------------+------------------------------------------+------------+------------+--------------+------------+------------+------------+
[0m
[1;93mDEBUG: logProduct called for آداپتور ۱۲ ولت ۴ آمپر HATRON هترون استوک with product_id 11624[0m
[1;33m+------------+------------------------------------------+------------+------------+--------------+------------+------------+------------+
| Product ID |                  Title                   |   Price    |  Category  | Availability |  Discount  | Image URL  | Guarantee  |
+------------+------------------------------------------+------------+------------+--------------+------------+------------+------------+
|   11624    | آداپتور ۱۲ ولت ۴ آمپر HATRON هترون استوک |     0      |  آداپتور   |   ناموجود    |    24%     |   موجود    |   ندارد    |
+------------+------------------------------------------+------------+------------+--------------+------------+------------+------------+
[0m
[1;93mDEBUG: logProduct called for آداپتور ۱۲ ولت ۴ آمپر HATRON هترون استوک[0m
[1;95mExtracted product_id from product_page: 9480[0m
[1;93mDEBUG: logProduct called for آداپتور 12ولت1/5امپر مدل patentedاستوک with product_id 9480[0m
[1;33m+------------+------------------------------------------+------------+------------+--------------+------------+------------+------------+
| Product ID |                  Title                   |   Price    |  Category  | Availability |  Discount  | Image URL  | Guarantee  |
+------------+------------------------------------------+------------+------------+--------------+------------+------------+------------+
|    9480    |  آداپتور 12ولت1/5امپر مدل patentedاستوک  |     0      |  آداپتور   |   ناموجود    |    49%     |   موجود    |   ندارد    |
+------------+------------------------------------------+------------+------------+--------------+------------+------------+------------+
[0m
[1;93mDEBUG: logProduct called for آداپتور 12ولت1/5امپر مدل patentedاستوک with product_id 9480[0m
[1;33m+------------+------------------------------------------+------------+------------+--------------+------------+------------+------------+
| Product ID |                  Title                   |   Price    |  Category  | Availability |  Discount  | Image URL  | Guarantee  |
+------------+------------------------------------------+------------+------------+--------------+------------+------------+------------+
|    9480    |  آداپتور 12ولت1/5امپر مدل patentedاستوک  |     0      |  آداپتور   |   ناموجود    |    49%     |   موجود    |   ندارد    |
+------------+------------------------------------------+------------+------------+--------------+------------+------------+------------+
[0m
[1;93mDEBUG: logProduct called for آداپتور 12ولت1/5امپر مدل patentedاستوک[0m
Scraping completed successfully!
Total products scraped: 12
Failed links: 0
